  Game.cpp
C:\Users\Boss\OneDrive\New folder\Game\GamecuaDuy\Game\Game.cpp(4,10): warning C4067: unexpected tokens following preprocessor directive - expected a newline
C:\Users\Boss\OneDrive\New folder\Game\GamecuaDuy\Game\Game.cpp(5,10): warning C4067: unexpected tokens following preprocessor directive - expected a newline
C:\Users\Boss\OneDrive\New folder\Game\GamecuaDuy\Game\game.h(9,10): warning C4067: unexpected tokens following preprocessor directive - expected a newline
C:\Users\Boss\OneDrive\New folder\Game\GamecuaDuy\Game\game.h(95,19): warning C4244: '+=': conversion from 'double' to 'int', possible loss of data
C:\Users\Boss\OneDrive\New folder\Game\GamecuaDuy\Game\game.h(96,19): warning C4244: '+=': conversion from 'double' to 'int', possible loss of data
C:\Users\Boss\OneDrive\New folder\Game\GamecuaDuy\Game\game.h(207,19): warning C4244: '+=': conversion from 'double' to 'int', possible loss of data
C:\Users\Boss\OneDrive\New folder\Game\GamecuaDuy\Game\game.h(208,19): warning C4244: '+=': conversion from 'double' to 'int', possible loss of data
C:\Users\Boss\OneDrive\New folder\Game\GamecuaDuy\Game\Game.cpp(10,10): warning C4067: unexpected tokens following preprocessor directive - expected a newline
C:\Users\Boss\OneDrive\New folder\Game\GamecuaDuy\Game\Game.cpp(77,15): warning C4244: 'argument': conversion from 'time_t' to 'unsigned int', possible loss of data
C:\Users\Boss\OneDrive\New folder\Game\GamecuaDuy\Game\Game.cpp(229,55): warning C4244: 'argument': conversion from 'double' to 'int', possible loss of data
C:\Users\Boss\OneDrive\New folder\Game\GamecuaDuy\Game\Game.cpp(229,48): warning C4244: 'argument': conversion from 'double' to 'int', possible loss of data
C:\Users\Boss\OneDrive\New folder\Game\GamecuaDuy\Game\Game.cpp(233,55): warning C4244: 'argument': conversion from 'double' to 'int', possible loss of data
C:\Users\Boss\OneDrive\New folder\Game\GamecuaDuy\Game\Game.cpp(233,48): warning C4244: 'argument': conversion from 'double' to 'int', possible loss of data
C:\Users\Boss\OneDrive\New folder\Game\GamecuaDuy\Game\Game.cpp(238,55): warning C4244: 'argument': conversion from 'double' to 'int', possible loss of data
C:\Users\Boss\OneDrive\New folder\Game\GamecuaDuy\Game\Game.cpp(238,48): warning C4244: 'argument': conversion from 'double' to 'int', possible loss of data
C:\Users\Boss\OneDrive\New folder\Game\GamecuaDuy\Game\Game.cpp(242,55): warning C4244: 'argument': conversion from 'double' to 'int', possible loss of data
C:\Users\Boss\OneDrive\New folder\Game\GamecuaDuy\Game\Game.cpp(242,48): warning C4244: 'argument': conversion from 'double' to 'int', possible loss of data
C:\Users\Boss\OneDrive\New folder\Game\GamecuaDuy\Game\Game.cpp(252,72): warning C4244: 'argument': conversion from 'double' to 'int', possible loss of data
C:\Users\Boss\OneDrive\New folder\Game\GamecuaDuy\Game\Game.cpp(252,59): warning C4244: 'argument': conversion from 'double' to 'int', possible loss of data
C:\Users\Boss\OneDrive\New folder\Game\GamecuaDuy\Game\Game.cpp(254,72): warning C4244: 'argument': conversion from 'double' to 'int', possible loss of data
C:\Users\Boss\OneDrive\New folder\Game\GamecuaDuy\Game\Game.cpp(254,62): warning C4244: 'argument': conversion from 'double' to 'int', possible loss of data
C:\Users\Boss\OneDrive\New folder\Game\GamecuaDuy\Game\Game.cpp(263,72): warning C4244: 'argument': conversion from 'double' to 'int', possible loss of data
C:\Users\Boss\OneDrive\New folder\Game\GamecuaDuy\Game\Game.cpp(263,59): warning C4244: 'argument': conversion from 'double' to 'int', possible loss of data
C:\Users\Boss\OneDrive\New folder\Game\GamecuaDuy\Game\Game.cpp(265,72): warning C4244: 'argument': conversion from 'double' to 'int', possible loss of data
C:\Users\Boss\OneDrive\New folder\Game\GamecuaDuy\Game\Game.cpp(265,62): warning C4244: 'argument': conversion from 'double' to 'int', possible loss of data
C:\Users\Boss\OneDrive\New folder\Game\GamecuaDuy\Game\Game.cpp(277,72): warning C4244: 'argument': conversion from 'double' to 'int', possible loss of data
C:\Users\Boss\OneDrive\New folder\Game\GamecuaDuy\Game\Game.cpp(277,59): warning C4244: 'argument': conversion from 'double' to 'int', possible loss of data
C:\Users\Boss\OneDrive\New folder\Game\GamecuaDuy\Game\Game.cpp(279,72): warning C4244: 'argument': conversion from 'double' to 'int', possible loss of data
C:\Users\Boss\OneDrive\New folder\Game\GamecuaDuy\Game\Game.cpp(279,62): warning C4244: 'argument': conversion from 'double' to 'int', possible loss of data
C:\Users\Boss\OneDrive\New folder\Game\GamecuaDuy\Game\Game.cpp(288,72): warning C4244: 'argument': conversion from 'double' to 'int', possible loss of data
C:\Users\Boss\OneDrive\New folder\Game\GamecuaDuy\Game\Game.cpp(288,59): warning C4244: 'argument': conversion from 'double' to 'int', possible loss of data
C:\Users\Boss\OneDrive\New folder\Game\GamecuaDuy\Game\Game.cpp(290,72): warning C4244: 'argument': conversion from 'double' to 'int', possible loss of data
C:\Users\Boss\OneDrive\New folder\Game\GamecuaDuy\Game\Game.cpp(290,62): warning C4244: 'argument': conversion from 'double' to 'int', possible loss of data
C:\Users\Boss\OneDrive\New folder\Game\GamecuaDuy\Game\Game.cpp(302,72): warning C4244: 'argument': conversion from 'double' to 'int', possible loss of data
C:\Users\Boss\OneDrive\New folder\Game\GamecuaDuy\Game\Game.cpp(302,59): warning C4244: 'argument': conversion from 'double' to 'int', possible loss of data
C:\Users\Boss\OneDrive\New folder\Game\GamecuaDuy\Game\Game.cpp(304,72): warning C4244: 'argument': conversion from 'double' to 'int', possible loss of data
C:\Users\Boss\OneDrive\New folder\Game\GamecuaDuy\Game\Game.cpp(304,62): warning C4244: 'argument': conversion from 'double' to 'int', possible loss of data
C:\Users\Boss\OneDrive\New folder\Game\GamecuaDuy\Game\Game.cpp(313,72): warning C4244: 'argument': conversion from 'double' to 'int', possible loss of data
C:\Users\Boss\OneDrive\New folder\Game\GamecuaDuy\Game\Game.cpp(313,59): warning C4244: 'argument': conversion from 'double' to 'int', possible loss of data
C:\Users\Boss\OneDrive\New folder\Game\GamecuaDuy\Game\Game.cpp(315,72): warning C4244: 'argument': conversion from 'double' to 'int', possible loss of data
C:\Users\Boss\OneDrive\New folder\Game\GamecuaDuy\Game\Game.cpp(315,62): warning C4244: 'argument': conversion from 'double' to 'int', possible loss of data
C:\Users\Boss\OneDrive\New folder\Game\GamecuaDuy\Game\Game.cpp(401,76): warning C4244: 'argument': conversion from 'double' to 'int', possible loss of data
C:\Users\Boss\OneDrive\New folder\Game\GamecuaDuy\Game\Game.cpp(401,63): warning C4244: 'argument': conversion from 'double' to 'int', possible loss of data
C:\Users\Boss\OneDrive\New folder\Game\GamecuaDuy\Game\Game.cpp(403,76): warning C4244: 'argument': conversion from 'double' to 'int', possible loss of data
C:\Users\Boss\OneDrive\New folder\Game\GamecuaDuy\Game\Game.cpp(403,66): warning C4244: 'argument': conversion from 'double' to 'int', possible loss of data
C:\Users\Boss\OneDrive\New folder\Game\GamecuaDuy\Game\Game.cpp(412,76): warning C4244: 'argument': conversion from 'double' to 'int', possible loss of data
C:\Users\Boss\OneDrive\New folder\Game\GamecuaDuy\Game\Game.cpp(412,63): warning C4244: 'argument': conversion from 'double' to 'int', possible loss of data
C:\Users\Boss\OneDrive\New folder\Game\GamecuaDuy\Game\Game.cpp(414,76): warning C4244: 'argument': conversion from 'double' to 'int', possible loss of data
C:\Users\Boss\OneDrive\New folder\Game\GamecuaDuy\Game\Game.cpp(414,66): warning C4244: 'argument': conversion from 'double' to 'int', possible loss of data
C:\Users\Boss\OneDrive\New folder\Game\GamecuaDuy\Game\Game.cpp(426,76): warning C4244: 'argument': conversion from 'double' to 'int', possible loss of data
C:\Users\Boss\OneDrive\New folder\Game\GamecuaDuy\Game\Game.cpp(426,63): warning C4244: 'argument': conversion from 'double' to 'int', possible loss of data
C:\Users\Boss\OneDrive\New folder\Game\GamecuaDuy\Game\Game.cpp(428,76): warning C4244: 'argument': conversion from 'double' to 'int', possible loss of data
C:\Users\Boss\OneDrive\New folder\Game\GamecuaDuy\Game\Game.cpp(428,66): warning C4244: 'argument': conversion from 'double' to 'int', possible loss of data
C:\Users\Boss\OneDrive\New folder\Game\GamecuaDuy\Game\Game.cpp(437,76): warning C4244: 'argument': conversion from 'double' to 'int', possible loss of data
C:\Users\Boss\OneDrive\New folder\Game\GamecuaDuy\Game\Game.cpp(437,63): warning C4244: 'argument': conversion from 'double' to 'int', possible loss of data
C:\Users\Boss\OneDrive\New folder\Game\GamecuaDuy\Game\Game.cpp(439,76): warning C4244: 'argument': conversion from 'double' to 'int', possible loss of data
C:\Users\Boss\OneDrive\New folder\Game\GamecuaDuy\Game\Game.cpp(439,66): warning C4244: 'argument': conversion from 'double' to 'int', possible loss of data
C:\Users\Boss\OneDrive\New folder\Game\GamecuaDuy\Game\Game.cpp(451,76): warning C4244: 'argument': conversion from 'double' to 'int', possible loss of data
C:\Users\Boss\OneDrive\New folder\Game\GamecuaDuy\Game\Game.cpp(451,63): warning C4244: 'argument': conversion from 'double' to 'int', possible loss of data
C:\Users\Boss\OneDrive\New folder\Game\GamecuaDuy\Game\Game.cpp(453,76): warning C4244: 'argument': conversion from 'double' to 'int', possible loss of data
C:\Users\Boss\OneDrive\New folder\Game\GamecuaDuy\Game\Game.cpp(453,66): warning C4244: 'argument': conversion from 'double' to 'int', possible loss of data
C:\Users\Boss\OneDrive\New folder\Game\GamecuaDuy\Game\Game.cpp(462,76): warning C4244: 'argument': conversion from 'double' to 'int', possible loss of data
C:\Users\Boss\OneDrive\New folder\Game\GamecuaDuy\Game\Game.cpp(462,63): warning C4244: 'argument': conversion from 'double' to 'int', possible loss of data
C:\Users\Boss\OneDrive\New folder\Game\GamecuaDuy\Game\Game.cpp(464,76): warning C4244: 'argument': conversion from 'double' to 'int', possible loss of data
C:\Users\Boss\OneDrive\New folder\Game\GamecuaDuy\Game\Game.cpp(464,66): warning C4244: 'argument': conversion from 'double' to 'int', possible loss of data
C:\Users\Boss\OneDrive\New folder\Game\GamecuaDuy\Game\Game.cpp(468,55): warning C4244: 'argument': conversion from 'double' to 'int', possible loss of data
C:\Users\Boss\OneDrive\New folder\Game\GamecuaDuy\Game\Game.cpp(468,48): warning C4244: 'argument': conversion from 'double' to 'int', possible loss of data
C:\Users\Boss\OneDrive\New folder\Game\GamecuaDuy\Game\Game.cpp(529,76): warning C4244: 'argument': conversion from 'double' to 'int', possible loss of data
C:\Users\Boss\OneDrive\New folder\Game\GamecuaDuy\Game\Game.cpp(529,63): warning C4244: 'argument': conversion from 'double' to 'int', possible loss of data
C:\Users\Boss\OneDrive\New folder\Game\GamecuaDuy\Game\Game.cpp(531,76): warning C4244: 'argument': conversion from 'double' to 'int', possible loss of data
C:\Users\Boss\OneDrive\New folder\Game\GamecuaDuy\Game\Game.cpp(531,66): warning C4244: 'argument': conversion from 'double' to 'int', possible loss of data
C:\Users\Boss\OneDrive\New folder\Game\GamecuaDuy\Game\Game.cpp(540,76): warning C4244: 'argument': conversion from 'double' to 'int', possible loss of data
C:\Users\Boss\OneDrive\New folder\Game\GamecuaDuy\Game\Game.cpp(540,63): warning C4244: 'argument': conversion from 'double' to 'int', possible loss of data
C:\Users\Boss\OneDrive\New folder\Game\GamecuaDuy\Game\Game.cpp(542,76): warning C4244: 'argument': conversion from 'double' to 'int', possible loss of data
C:\Users\Boss\OneDrive\New folder\Game\GamecuaDuy\Game\Game.cpp(542,66): warning C4244: 'argument': conversion from 'double' to 'int', possible loss of data
C:\Users\Boss\OneDrive\New folder\Game\GamecuaDuy\Game\Game.cpp(554,76): warning C4244: 'argument': conversion from 'double' to 'int', possible loss of data
C:\Users\Boss\OneDrive\New folder\Game\GamecuaDuy\Game\Game.cpp(554,63): warning C4244: 'argument': conversion from 'double' to 'int', possible loss of data
C:\Users\Boss\OneDrive\New folder\Game\GamecuaDuy\Game\Game.cpp(556,76): warning C4244: 'argument': conversion from 'double' to 'int', possible loss of data
C:\Users\Boss\OneDrive\New folder\Game\GamecuaDuy\Game\Game.cpp(556,66): warning C4244: 'argument': conversion from 'double' to 'int', possible loss of data
C:\Users\Boss\OneDrive\New folder\Game\GamecuaDuy\Game\Game.cpp(565,76): warning C4244: 'argument': conversion from 'double' to 'int', possible loss of data
C:\Users\Boss\OneDrive\New folder\Game\GamecuaDuy\Game\Game.cpp(565,63): warning C4244: 'argument': conversion from 'double' to 'int', possible loss of data
C:\Users\Boss\OneDrive\New folder\Game\GamecuaDuy\Game\Game.cpp(567,76): warning C4244: 'argument': conversion from 'double' to 'int', possible loss of data
C:\Users\Boss\OneDrive\New folder\Game\GamecuaDuy\Game\Game.cpp(567,66): warning C4244: 'argument': conversion from 'double' to 'int', possible loss of data
C:\Users\Boss\OneDrive\New folder\Game\GamecuaDuy\Game\Game.cpp(579,76): warning C4244: 'argument': conversion from 'double' to 'int', possible loss of data
C:\Users\Boss\OneDrive\New folder\Game\GamecuaDuy\Game\Game.cpp(579,63): warning C4244: 'argument': conversion from 'double' to 'int', possible loss of data
C:\Users\Boss\OneDrive\New folder\Game\GamecuaDuy\Game\Game.cpp(581,76): warning C4244: 'argument': conversion from 'double' to 'int', possible loss of data
C:\Users\Boss\OneDrive\New folder\Game\GamecuaDuy\Game\Game.cpp(581,66): warning C4244: 'argument': conversion from 'double' to 'int', possible loss of data
C:\Users\Boss\OneDrive\New folder\Game\GamecuaDuy\Game\Game.cpp(590,76): warning C4244: 'argument': conversion from 'double' to 'int', possible loss of data
C:\Users\Boss\OneDrive\New folder\Game\GamecuaDuy\Game\Game.cpp(590,63): warning C4244: 'argument': conversion from 'double' to 'int', possible loss of data
C:\Users\Boss\OneDrive\New folder\Game\GamecuaDuy\Game\Game.cpp(592,76): warning C4244: 'argument': conversion from 'double' to 'int', possible loss of data
C:\Users\Boss\OneDrive\New folder\Game\GamecuaDuy\Game\Game.cpp(592,66): warning C4244: 'argument': conversion from 'double' to 'int', possible loss of data
C:\Users\Boss\OneDrive\New folder\Game\GamecuaDuy\Game\Game.cpp(598,59): warning C4244: 'argument': conversion from 'double' to 'int', possible loss of data
C:\Users\Boss\OneDrive\New folder\Game\GamecuaDuy\Game\Game.cpp(598,52): warning C4244: 'argument': conversion from 'double' to 'int', possible loss of data
C:\Users\Boss\OneDrive\New folder\Game\GamecuaDuy\Game\Game.cpp(602,64): warning C4244: 'argument': conversion from 'double' to 'int', possible loss of data
C:\Users\Boss\OneDrive\New folder\Game\GamecuaDuy\Game\Game.cpp(602,55): warning C4244: 'argument': conversion from 'double' to 'int', possible loss of data
C:\Users\Boss\OneDrive\New folder\Game\GamecuaDuy\Game\Game.cpp(649,76): warning C4244: 'argument': conversion from 'double' to 'int', possible loss of data
C:\Users\Boss\OneDrive\New folder\Game\GamecuaDuy\Game\Game.cpp(649,63): warning C4244: 'argument': conversion from 'double' to 'int', possible loss of data
C:\Users\Boss\OneDrive\New folder\Game\GamecuaDuy\Game\Game.cpp(651,76): warning C4244: 'argument': conversion from 'double' to 'int', possible loss of data
C:\Users\Boss\OneDrive\New folder\Game\GamecuaDuy\Game\Game.cpp(651,66): warning C4244: 'argument': conversion from 'double' to 'int', possible loss of data
C:\Users\Boss\OneDrive\New folder\Game\GamecuaDuy\Game\Game.cpp(660,76): warning C4244: 'argument': conversion from 'double' to 'int', possible loss of data
C:\Users\Boss\OneDrive\New folder\Game\GamecuaDuy\Game\Game.cpp(660,63): warning C4244: 'argument': conversion from 'double' to 'int', possible loss of data
C:\Users\Boss\OneDrive\New folder\Game\GamecuaDuy\Game\Game.cpp(662,76): warning C4244: 'argument': conversion from 'double' to 'int', possible loss of data
C:\Users\Boss\OneDrive\New folder\Game\GamecuaDuy\Game\Game.cpp(662,66): warning C4244: 'argument': conversion from 'double' to 'int', possible loss of data
C:\Users\Boss\OneDrive\New folder\Game\GamecuaDuy\Game\Game.cpp(674,76): warning C4244: 'argument': conversion from 'double' to 'int', possible loss of data
C:\Users\Boss\OneDrive\New folder\Game\GamecuaDuy\Game\Game.cpp(674,63): warning C4244: 'argument': conversion from 'double' to 'int', possible loss of data
C:\Users\Boss\OneDrive\New folder\Game\GamecuaDuy\Game\Game.cpp(676,76): warning C4244: 'argument': conversion from 'double' to 'int', possible loss of data
C:\Users\Boss\OneDrive\New folder\Game\GamecuaDuy\Game\Game.cpp(676,66): warning C4244: 'argument': conversion from 'double' to 'int', possible loss of data
C:\Users\Boss\OneDrive\New folder\Game\GamecuaDuy\Game\Game.cpp(685,76): warning C4244: 'argument': conversion from 'double' to 'int', possible loss of data
C:\Users\Boss\OneDrive\New folder\Game\GamecuaDuy\Game\Game.cpp(685,63): warning C4244: 'argument': conversion from 'double' to 'int', possible loss of data
C:\Users\Boss\OneDrive\New folder\Game\GamecuaDuy\Game\Game.cpp(687,76): warning C4244: 'argument': conversion from 'double' to 'int', possible loss of data
C:\Users\Boss\OneDrive\New folder\Game\GamecuaDuy\Game\Game.cpp(687,66): warning C4244: 'argument': conversion from 'double' to 'int', possible loss of data
C:\Users\Boss\OneDrive\New folder\Game\GamecuaDuy\Game\Game.cpp(699,76): warning C4244: 'argument': conversion from 'double' to 'int', possible loss of data
C:\Users\Boss\OneDrive\New folder\Game\GamecuaDuy\Game\Game.cpp(699,63): warning C4244: 'argument': conversion from 'double' to 'int', possible loss of data
C:\Users\Boss\OneDrive\New folder\Game\GamecuaDuy\Game\Game.cpp(701,76): warning C4244: 'argument': conversion from 'double' to 'int', possible loss of data
C:\Users\Boss\OneDrive\New folder\Game\GamecuaDuy\Game\Game.cpp(701,66): warning C4244: 'argument': conversion from 'double' to 'int', possible loss of data
C:\Users\Boss\OneDrive\New folder\Game\GamecuaDuy\Game\Game.cpp(710,76): warning C4244: 'argument': conversion from 'double' to 'int', possible loss of data
C:\Users\Boss\OneDrive\New folder\Game\GamecuaDuy\Game\Game.cpp(710,63): warning C4244: 'argument': conversion from 'double' to 'int', possible loss of data
C:\Users\Boss\OneDrive\New folder\Game\GamecuaDuy\Game\Game.cpp(712,76): warning C4244: 'argument': conversion from 'double' to 'int', possible loss of data
C:\Users\Boss\OneDrive\New folder\Game\GamecuaDuy\Game\Game.cpp(712,66): warning C4244: 'argument': conversion from 'double' to 'int', possible loss of data
C:\Users\Boss\OneDrive\New folder\Game\GamecuaDuy\Game\Game.cpp(716,55): warning C4244: 'argument': conversion from 'double' to 'int', possible loss of data
C:\Users\Boss\OneDrive\New folder\Game\GamecuaDuy\Game\Game.cpp(716,48): warning C4244: 'argument': conversion from 'double' to 'int', possible loss of data
C:\Users\Boss\OneDrive\New folder\Game\GamecuaDuy\Game\Game.cpp(761,76): warning C4244: 'argument': conversion from 'double' to 'int', possible loss of data
C:\Users\Boss\OneDrive\New folder\Game\GamecuaDuy\Game\Game.cpp(761,63): warning C4244: 'argument': conversion from 'double' to 'int', possible loss of data
C:\Users\Boss\OneDrive\New folder\Game\GamecuaDuy\Game\Game.cpp(763,76): warning C4244: 'argument': conversion from 'double' to 'int', possible loss of data
C:\Users\Boss\OneDrive\New folder\Game\GamecuaDuy\Game\Game.cpp(763,66): warning C4244: 'argument': conversion from 'double' to 'int', possible loss of data
C:\Users\Boss\OneDrive\New folder\Game\GamecuaDuy\Game\Game.cpp(772,76): warning C4244: 'argument': conversion from 'double' to 'int', possible loss of data
C:\Users\Boss\OneDrive\New folder\Game\GamecuaDuy\Game\Game.cpp(772,63): warning C4244: 'argument': conversion from 'double' to 'int', possible loss of data
C:\Users\Boss\OneDrive\New folder\Game\GamecuaDuy\Game\Game.cpp(774,76): warning C4244: 'argument': conversion from 'double' to 'int', possible loss of data
C:\Users\Boss\OneDrive\New folder\Game\GamecuaDuy\Game\Game.cpp(774,66): warning C4244: 'argument': conversion from 'double' to 'int', possible loss of data
C:\Users\Boss\OneDrive\New folder\Game\GamecuaDuy\Game\Game.cpp(786,76): warning C4244: 'argument': conversion from 'double' to 'int', possible loss of data
C:\Users\Boss\OneDrive\New folder\Game\GamecuaDuy\Game\Game.cpp(786,63): warning C4244: 'argument': conversion from 'double' to 'int', possible loss of data
C:\Users\Boss\OneDrive\New folder\Game\GamecuaDuy\Game\Game.cpp(788,76): warning C4244: 'argument': conversion from 'double' to 'int', possible loss of data
C:\Users\Boss\OneDrive\New folder\Game\GamecuaDuy\Game\Game.cpp(788,66): warning C4244: 'argument': conversion from 'double' to 'int', possible loss of data
C:\Users\Boss\OneDrive\New folder\Game\GamecuaDuy\Game\Game.cpp(797,76): warning C4244: 'argument': conversion from 'double' to 'int', possible loss of data
C:\Users\Boss\OneDrive\New folder\Game\GamecuaDuy\Game\Game.cpp(797,63): warning C4244: 'argument': conversion from 'double' to 'int', possible loss of data
C:\Users\Boss\OneDrive\New folder\Game\GamecuaDuy\Game\Game.cpp(799,76): warning C4244: 'argument': conversion from 'double' to 'int', possible loss of data
C:\Users\Boss\OneDrive\New folder\Game\GamecuaDuy\Game\Game.cpp(799,66): warning C4244: 'argument': conversion from 'double' to 'int', possible loss of data
C:\Users\Boss\OneDrive\New folder\Game\GamecuaDuy\Game\Game.cpp(811,76): warning C4244: 'argument': conversion from 'double' to 'int', possible loss of data
C:\Users\Boss\OneDrive\New folder\Game\GamecuaDuy\Game\Game.cpp(811,63): warning C4244: 'argument': conversion from 'double' to 'int', possible loss of data
C:\Users\Boss\OneDrive\New folder\Game\GamecuaDuy\Game\Game.cpp(813,76): warning C4244: 'argument': conversion from 'double' to 'int', possible loss of data
C:\Users\Boss\OneDrive\New folder\Game\GamecuaDuy\Game\Game.cpp(813,66): warning C4244: 'argument': conversion from 'double' to 'int', possible loss of data
C:\Users\Boss\OneDrive\New folder\Game\GamecuaDuy\Game\Game.cpp(822,76): warning C4244: 'argument': conversion from 'double' to 'int', possible loss of data
C:\Users\Boss\OneDrive\New folder\Game\GamecuaDuy\Game\Game.cpp(822,63): warning C4244: 'argument': conversion from 'double' to 'int', possible loss of data
C:\Users\Boss\OneDrive\New folder\Game\GamecuaDuy\Game\Game.cpp(824,76): warning C4244: 'argument': conversion from 'double' to 'int', possible loss of data
C:\Users\Boss\OneDrive\New folder\Game\GamecuaDuy\Game\Game.cpp(824,66): warning C4244: 'argument': conversion from 'double' to 'int', possible loss of data
C:\Users\Boss\OneDrive\New folder\Game\GamecuaDuy\Game\Game.cpp(828,55): warning C4244: 'argument': conversion from 'double' to 'int', possible loss of data
C:\Users\Boss\OneDrive\New folder\Game\GamecuaDuy\Game\Game.cpp(828,48): warning C4244: 'argument': conversion from 'double' to 'int', possible loss of data
C:\Users\Boss\OneDrive\New folder\Game\GamecuaDuy\Game\Game.cpp(875,76): warning C4244: 'argument': conversion from 'double' to 'int', possible loss of data
C:\Users\Boss\OneDrive\New folder\Game\GamecuaDuy\Game\Game.cpp(875,63): warning C4244: 'argument': conversion from 'double' to 'int', possible loss of data
C:\Users\Boss\OneDrive\New folder\Game\GamecuaDuy\Game\Game.cpp(877,76): warning C4244: 'argument': conversion from 'double' to 'int', possible loss of data
C:\Users\Boss\OneDrive\New folder\Game\GamecuaDuy\Game\Game.cpp(877,66): warning C4244: 'argument': conversion from 'double' to 'int', possible loss of data
C:\Users\Boss\OneDrive\New folder\Game\GamecuaDuy\Game\Game.cpp(886,76): warning C4244: 'argument': conversion from 'double' to 'int', possible loss of data
C:\Users\Boss\OneDrive\New folder\Game\GamecuaDuy\Game\Game.cpp(886,63): warning C4244: 'argument': conversion from 'double' to 'int', possible loss of data
C:\Users\Boss\OneDrive\New folder\Game\GamecuaDuy\Game\Game.cpp(888,76): warning C4244: 'argument': conversion from 'double' to 'int', possible loss of data
C:\Users\Boss\OneDrive\New folder\Game\GamecuaDuy\Game\Game.cpp(888,66): warning C4244: 'argument': conversion from 'double' to 'int', possible loss of data
C:\Users\Boss\OneDrive\New folder\Game\GamecuaDuy\Game\Game.cpp(900,76): warning C4244: 'argument': conversion from 'double' to 'int', possible loss of data
C:\Users\Boss\OneDrive\New folder\Game\GamecuaDuy\Game\Game.cpp(900,63): warning C4244: 'argument': conversion from 'double' to 'int', possible loss of data
C:\Users\Boss\OneDrive\New folder\Game\GamecuaDuy\Game\Game.cpp(902,76): warning C4244: 'argument': conversion from 'double' to 'int', possible loss of data
C:\Users\Boss\OneDrive\New folder\Game\GamecuaDuy\Game\Game.cpp(902,66): warning C4244: 'argument': conversion from 'double' to 'int', possible loss of data
C:\Users\Boss\OneDrive\New folder\Game\GamecuaDuy\Game\Game.cpp(911,76): warning C4244: 'argument': conversion from 'double' to 'int', possible loss of data
C:\Users\Boss\OneDrive\New folder\Game\GamecuaDuy\Game\Game.cpp(911,63): warning C4244: 'argument': conversion from 'double' to 'int', possible loss of data
C:\Users\Boss\OneDrive\New folder\Game\GamecuaDuy\Game\Game.cpp(913,76): warning C4244: 'argument': conversion from 'double' to 'int', possible loss of data
C:\Users\Boss\OneDrive\New folder\Game\GamecuaDuy\Game\Game.cpp(913,66): warning C4244: 'argument': conversion from 'double' to 'int', possible loss of data
C:\Users\Boss\OneDrive\New folder\Game\GamecuaDuy\Game\Game.cpp(925,76): warning C4244: 'argument': conversion from 'double' to 'int', possible loss of data
C:\Users\Boss\OneDrive\New folder\Game\GamecuaDuy\Game\Game.cpp(925,63): warning C4244: 'argument': conversion from 'double' to 'int', possible loss of data
C:\Users\Boss\OneDrive\New folder\Game\GamecuaDuy\Game\Game.cpp(927,76): warning C4244: 'argument': conversion from 'double' to 'int', possible loss of data
C:\Users\Boss\OneDrive\New folder\Game\GamecuaDuy\Game\Game.cpp(927,66): warning C4244: 'argument': conversion from 'double' to 'int', possible loss of data
C:\Users\Boss\OneDrive\New folder\Game\GamecuaDuy\Game\Game.cpp(936,76): warning C4244: 'argument': conversion from 'double' to 'int', possible loss of data
C:\Users\Boss\OneDrive\New folder\Game\GamecuaDuy\Game\Game.cpp(936,63): warning C4244: 'argument': conversion from 'double' to 'int', possible loss of data
C:\Users\Boss\OneDrive\New folder\Game\GamecuaDuy\Game\Game.cpp(938,76): warning C4244: 'argument': conversion from 'double' to 'int', possible loss of data
C:\Users\Boss\OneDrive\New folder\Game\GamecuaDuy\Game\Game.cpp(938,66): warning C4244: 'argument': conversion from 'double' to 'int', possible loss of data
C:\Users\Boss\OneDrive\New folder\Game\GamecuaDuy\Game\Game.cpp(942,55): warning C4244: 'argument': conversion from 'double' to 'int', possible loss of data
C:\Users\Boss\OneDrive\New folder\Game\GamecuaDuy\Game\Game.cpp(942,48): warning C4244: 'argument': conversion from 'double' to 'int', possible loss of data
C:\Users\Boss\OneDrive\New folder\Game\GamecuaDuy\Game\Game.cpp(1001,80): warning C4244: 'argument': conversion from 'double' to 'int', possible loss of data
C:\Users\Boss\OneDrive\New folder\Game\GamecuaDuy\Game\Game.cpp(1001,67): warning C4244: 'argument': conversion from 'double' to 'int', possible loss of data
C:\Users\Boss\OneDrive\New folder\Game\GamecuaDuy\Game\Game.cpp(1005,77): warning C4244: 'argument': conversion from 'double' to 'int', possible loss of data
C:\Users\Boss\OneDrive\New folder\Game\GamecuaDuy\Game\Game.cpp(1005,67): warning C4244: 'argument': conversion from 'double' to 'int', possible loss of data
C:\Users\Boss\OneDrive\New folder\Game\GamecuaDuy\Game\Game.cpp(1007,80): warning C4244: 'argument': conversion from 'double' to 'int', possible loss of data
C:\Users\Boss\OneDrive\New folder\Game\GamecuaDuy\Game\Game.cpp(1007,70): warning C4244: 'argument': conversion from 'double' to 'int', possible loss of data
C:\Users\Boss\OneDrive\New folder\Game\GamecuaDuy\Game\Game.cpp(1020,80): warning C4244: 'argument': conversion from 'double' to 'int', possible loss of data
C:\Users\Boss\OneDrive\New folder\Game\GamecuaDuy\Game\Game.cpp(1020,67): warning C4244: 'argument': conversion from 'double' to 'int', possible loss of data
C:\Users\Boss\OneDrive\New folder\Game\GamecuaDuy\Game\Game.cpp(1024,77): warning C4244: 'argument': conversion from 'double' to 'int', possible loss of data
C:\Users\Boss\OneDrive\New folder\Game\GamecuaDuy\Game\Game.cpp(1024,67): warning C4244: 'argument': conversion from 'double' to 'int', possible loss of data
C:\Users\Boss\OneDrive\New folder\Game\GamecuaDuy\Game\Game.cpp(1026,80): warning C4244: 'argument': conversion from 'double' to 'int', possible loss of data
C:\Users\Boss\OneDrive\New folder\Game\GamecuaDuy\Game\Game.cpp(1026,70): warning C4244: 'argument': conversion from 'double' to 'int', possible loss of data
C:\Users\Boss\OneDrive\New folder\Game\GamecuaDuy\Game\Game.cpp(1042,80): warning C4244: 'argument': conversion from 'double' to 'int', possible loss of data
C:\Users\Boss\OneDrive\New folder\Game\GamecuaDuy\Game\Game.cpp(1042,67): warning C4244: 'argument': conversion from 'double' to 'int', possible loss of data
C:\Users\Boss\OneDrive\New folder\Game\GamecuaDuy\Game\Game.cpp(1046,77): warning C4244: 'argument': conversion from 'double' to 'int', possible loss of data
C:\Users\Boss\OneDrive\New folder\Game\GamecuaDuy\Game\Game.cpp(1046,67): warning C4244: 'argument': conversion from 'double' to 'int', possible loss of data
C:\Users\Boss\OneDrive\New folder\Game\GamecuaDuy\Game\Game.cpp(1048,80): warning C4244: 'argument': conversion from 'double' to 'int', possible loss of data
C:\Users\Boss\OneDrive\New folder\Game\GamecuaDuy\Game\Game.cpp(1048,70): warning C4244: 'argument': conversion from 'double' to 'int', possible loss of data
C:\Users\Boss\OneDrive\New folder\Game\GamecuaDuy\Game\Game.cpp(1060,80): warning C4244: 'argument': conversion from 'double' to 'int', possible loss of data
C:\Users\Boss\OneDrive\New folder\Game\GamecuaDuy\Game\Game.cpp(1060,67): warning C4244: 'argument': conversion from 'double' to 'int', possible loss of data
C:\Users\Boss\OneDrive\New folder\Game\GamecuaDuy\Game\Game.cpp(1064,77): warning C4244: 'argument': conversion from 'double' to 'int', possible loss of data
C:\Users\Boss\OneDrive\New folder\Game\GamecuaDuy\Game\Game.cpp(1064,67): warning C4244: 'argument': conversion from 'double' to 'int', possible loss of data
C:\Users\Boss\OneDrive\New folder\Game\GamecuaDuy\Game\Game.cpp(1066,80): warning C4244: 'argument': conversion from 'double' to 'int', possible loss of data
C:\Users\Boss\OneDrive\New folder\Game\GamecuaDuy\Game\Game.cpp(1066,70): warning C4244: 'argument': conversion from 'double' to 'int', possible loss of data
C:\Users\Boss\OneDrive\New folder\Game\GamecuaDuy\Game\Game.cpp(1081,80): warning C4244: 'argument': conversion from 'double' to 'int', possible loss of data
C:\Users\Boss\OneDrive\New folder\Game\GamecuaDuy\Game\Game.cpp(1081,67): warning C4244: 'argument': conversion from 'double' to 'int', possible loss of data
C:\Users\Boss\OneDrive\New folder\Game\GamecuaDuy\Game\Game.cpp(1085,77): warning C4244: 'argument': conversion from 'double' to 'int', possible loss of data
C:\Users\Boss\OneDrive\New folder\Game\GamecuaDuy\Game\Game.cpp(1085,67): warning C4244: 'argument': conversion from 'double' to 'int', possible loss of data
C:\Users\Boss\OneDrive\New folder\Game\GamecuaDuy\Game\Game.cpp(1087,80): warning C4244: 'argument': conversion from 'double' to 'int', possible loss of data
C:\Users\Boss\OneDrive\New folder\Game\GamecuaDuy\Game\Game.cpp(1087,70): warning C4244: 'argument': conversion from 'double' to 'int', possible loss of data
C:\Users\Boss\OneDrive\New folder\Game\GamecuaDuy\Game\Game.cpp(1099,80): warning C4244: 'argument': conversion from 'double' to 'int', possible loss of data
C:\Users\Boss\OneDrive\New folder\Game\GamecuaDuy\Game\Game.cpp(1099,67): warning C4244: 'argument': conversion from 'double' to 'int', possible loss of data
C:\Users\Boss\OneDrive\New folder\Game\GamecuaDuy\Game\Game.cpp(1103,77): warning C4244: 'argument': conversion from 'double' to 'int', possible loss of data
C:\Users\Boss\OneDrive\New folder\Game\GamecuaDuy\Game\Game.cpp(1103,67): warning C4244: 'argument': conversion from 'double' to 'int', possible loss of data
C:\Users\Boss\OneDrive\New folder\Game\GamecuaDuy\Game\Game.cpp(1105,80): warning C4244: 'argument': conversion from 'double' to 'int', possible loss of data
C:\Users\Boss\OneDrive\New folder\Game\GamecuaDuy\Game\Game.cpp(1105,70): warning C4244: 'argument': conversion from 'double' to 'int', possible loss of data
C:\Users\Boss\OneDrive\New folder\Game\GamecuaDuy\Game\Game.cpp(1111,66): warning C4244: 'argument': conversion from 'double' to 'int', possible loss of data
C:\Users\Boss\OneDrive\New folder\Game\GamecuaDuy\Game\Game.cpp(1111,56): warning C4244: 'argument': conversion from 'double' to 'int', possible loss of data
C:\Users\Boss\OneDrive\New folder\Game\GamecuaDuy\Game\Game.cpp(1115,66): warning C4244: 'argument': conversion from 'double' to 'int', possible loss of data
C:\Users\Boss\OneDrive\New folder\Game\GamecuaDuy\Game\Game.cpp(1115,56): warning C4244: 'argument': conversion from 'double' to 'int', possible loss of data
C:\Users\Boss\OneDrive\New folder\Game\GamecuaDuy\Game\Game.cpp(1180,80): warning C4244: 'argument': conversion from 'double' to 'int', possible loss of data
C:\Users\Boss\OneDrive\New folder\Game\GamecuaDuy\Game\Game.cpp(1180,67): warning C4244: 'argument': conversion from 'double' to 'int', possible loss of data
C:\Users\Boss\OneDrive\New folder\Game\GamecuaDuy\Game\Game.cpp(1184,77): warning C4244: 'argument': conversion from 'double' to 'int', possible loss of data
C:\Users\Boss\OneDrive\New folder\Game\GamecuaDuy\Game\Game.cpp(1184,67): warning C4244: 'argument': conversion from 'double' to 'int', possible loss of data
C:\Users\Boss\OneDrive\New folder\Game\GamecuaDuy\Game\Game.cpp(1186,80): warning C4244: 'argument': conversion from 'double' to 'int', possible loss of data
C:\Users\Boss\OneDrive\New folder\Game\GamecuaDuy\Game\Game.cpp(1186,70): warning C4244: 'argument': conversion from 'double' to 'int', possible loss of data
C:\Users\Boss\OneDrive\New folder\Game\GamecuaDuy\Game\Game.cpp(1199,80): warning C4244: 'argument': conversion from 'double' to 'int', possible loss of data
C:\Users\Boss\OneDrive\New folder\Game\GamecuaDuy\Game\Game.cpp(1199,67): warning C4244: 'argument': conversion from 'double' to 'int', possible loss of data
C:\Users\Boss\OneDrive\New folder\Game\GamecuaDuy\Game\Game.cpp(1203,77): warning C4244: 'argument': conversion from 'double' to 'int', possible loss of data
C:\Users\Boss\OneDrive\New folder\Game\GamecuaDuy\Game\Game.cpp(1203,67): warning C4244: 'argument': conversion from 'double' to 'int', possible loss of data
C:\Users\Boss\OneDrive\New folder\Game\GamecuaDuy\Game\Game.cpp(1205,80): warning C4244: 'argument': conversion from 'double' to 'int', possible loss of data
C:\Users\Boss\OneDrive\New folder\Game\GamecuaDuy\Game\Game.cpp(1205,70): warning C4244: 'argument': conversion from 'double' to 'int', possible loss of data
C:\Users\Boss\OneDrive\New folder\Game\GamecuaDuy\Game\Game.cpp(1221,80): warning C4244: 'argument': conversion from 'double' to 'int', possible loss of data
C:\Users\Boss\OneDrive\New folder\Game\GamecuaDuy\Game\Game.cpp(1221,67): warning C4244: 'argument': conversion from 'double' to 'int', possible loss of data
C:\Users\Boss\OneDrive\New folder\Game\GamecuaDuy\Game\Game.cpp(1225,77): warning C4244: 'argument': conversion from 'double' to 'int', possible loss of data
C:\Users\Boss\OneDrive\New folder\Game\GamecuaDuy\Game\Game.cpp(1225,67): warning C4244: 'argument': conversion from 'double' to 'int', possible loss of data
C:\Users\Boss\OneDrive\New folder\Game\GamecuaDuy\Game\Game.cpp(1227,80): warning C4244: 'argument': conversion from 'double' to 'int', possible loss of data
C:\Users\Boss\OneDrive\New folder\Game\GamecuaDuy\Game\Game.cpp(1227,70): warning C4244: 'argument': conversion from 'double' to 'int', possible loss of data
C:\Users\Boss\OneDrive\New folder\Game\GamecuaDuy\Game\Game.cpp(1239,80): warning C4244: 'argument': conversion from 'double' to 'int', possible loss of data
C:\Users\Boss\OneDrive\New folder\Game\GamecuaDuy\Game\Game.cpp(1239,67): warning C4244: 'argument': conversion from 'double' to 'int', possible loss of data
C:\Users\Boss\OneDrive\New folder\Game\GamecuaDuy\Game\Game.cpp(1243,77): warning C4244: 'argument': conversion from 'double' to 'int', possible loss of data
C:\Users\Boss\OneDrive\New folder\Game\GamecuaDuy\Game\Game.cpp(1243,67): warning C4244: 'argument': conversion from 'double' to 'int', possible loss of data
C:\Users\Boss\OneDrive\New folder\Game\GamecuaDuy\Game\Game.cpp(1245,80): warning C4244: 'argument': conversion from 'double' to 'int', possible loss of data
C:\Users\Boss\OneDrive\New folder\Game\GamecuaDuy\Game\Game.cpp(1245,70): warning C4244: 'argument': conversion from 'double' to 'int', possible loss of data
C:\Users\Boss\OneDrive\New folder\Game\GamecuaDuy\Game\Game.cpp(1260,80): warning C4244: 'argument': conversion from 'double' to 'int', possible loss of data
C:\Users\Boss\OneDrive\New folder\Game\GamecuaDuy\Game\Game.cpp(1260,67): warning C4244: 'argument': conversion from 'double' to 'int', possible loss of data
C:\Users\Boss\OneDrive\New folder\Game\GamecuaDuy\Game\Game.cpp(1264,77): warning C4244: 'argument': conversion from 'double' to 'int', possible loss of data
C:\Users\Boss\OneDrive\New folder\Game\GamecuaDuy\Game\Game.cpp(1264,67): warning C4244: 'argument': conversion from 'double' to 'int', possible loss of data
C:\Users\Boss\OneDrive\New folder\Game\GamecuaDuy\Game\Game.cpp(1266,80): warning C4244: 'argument': conversion from 'double' to 'int', possible loss of data
C:\Users\Boss\OneDrive\New folder\Game\GamecuaDuy\Game\Game.cpp(1266,70): warning C4244: 'argument': conversion from 'double' to 'int', possible loss of data
C:\Users\Boss\OneDrive\New folder\Game\GamecuaDuy\Game\Game.cpp(1278,80): warning C4244: 'argument': conversion from 'double' to 'int', possible loss of data
C:\Users\Boss\OneDrive\New folder\Game\GamecuaDuy\Game\Game.cpp(1278,67): warning C4244: 'argument': conversion from 'double' to 'int', possible loss of data
C:\Users\Boss\OneDrive\New folder\Game\GamecuaDuy\Game\Game.cpp(1282,77): warning C4244: 'argument': conversion from 'double' to 'int', possible loss of data
C:\Users\Boss\OneDrive\New folder\Game\GamecuaDuy\Game\Game.cpp(1282,67): warning C4244: 'argument': conversion from 'double' to 'int', possible loss of data
C:\Users\Boss\OneDrive\New folder\Game\GamecuaDuy\Game\Game.cpp(1284,80): warning C4244: 'argument': conversion from 'double' to 'int', possible loss of data
C:\Users\Boss\OneDrive\New folder\Game\GamecuaDuy\Game\Game.cpp(1284,70): warning C4244: 'argument': conversion from 'double' to 'int', possible loss of data
C:\Users\Boss\OneDrive\New folder\Game\GamecuaDuy\Game\Game.cpp(1290,66): warning C4244: 'argument': conversion from 'double' to 'int', possible loss of data
C:\Users\Boss\OneDrive\New folder\Game\GamecuaDuy\Game\Game.cpp(1290,56): warning C4244: 'argument': conversion from 'double' to 'int', possible loss of data
C:\Users\Boss\OneDrive\New folder\Game\GamecuaDuy\Game\Game.cpp(1294,66): warning C4244: 'argument': conversion from 'double' to 'int', possible loss of data
C:\Users\Boss\OneDrive\New folder\Game\GamecuaDuy\Game\Game.cpp(1294,56): warning C4244: 'argument': conversion from 'double' to 'int', possible loss of data
C:\Users\Boss\OneDrive\New folder\Game\GamecuaDuy\Game\Game.cpp(1360,80): warning C4244: 'argument': conversion from 'double' to 'int', possible loss of data
C:\Users\Boss\OneDrive\New folder\Game\GamecuaDuy\Game\Game.cpp(1360,67): warning C4244: 'argument': conversion from 'double' to 'int', possible loss of data
C:\Users\Boss\OneDrive\New folder\Game\GamecuaDuy\Game\Game.cpp(1364,77): warning C4244: 'argument': conversion from 'double' to 'int', possible loss of data
C:\Users\Boss\OneDrive\New folder\Game\GamecuaDuy\Game\Game.cpp(1364,67): warning C4244: 'argument': conversion from 'double' to 'int', possible loss of data
C:\Users\Boss\OneDrive\New folder\Game\GamecuaDuy\Game\Game.cpp(1366,80): warning C4244: 'argument': conversion from 'double' to 'int', possible loss of data
C:\Users\Boss\OneDrive\New folder\Game\GamecuaDuy\Game\Game.cpp(1366,70): warning C4244: 'argument': conversion from 'double' to 'int', possible loss of data
C:\Users\Boss\OneDrive\New folder\Game\GamecuaDuy\Game\Game.cpp(1379,80): warning C4244: 'argument': conversion from 'double' to 'int', possible loss of data
C:\Users\Boss\OneDrive\New folder\Game\GamecuaDuy\Game\Game.cpp(1379,67): warning C4244: 'argument': conversion from 'double' to 'int', possible loss of data
C:\Users\Boss\OneDrive\New folder\Game\GamecuaDuy\Game\Game.cpp(1383,77): warning C4244: 'argument': conversion from 'double' to 'int', possible loss of data
C:\Users\Boss\OneDrive\New folder\Game\GamecuaDuy\Game\Game.cpp(1383,67): warning C4244: 'argument': conversion from 'double' to 'int', possible loss of data
C:\Users\Boss\OneDrive\New folder\Game\GamecuaDuy\Game\Game.cpp(1385,80): warning C4244: 'argument': conversion from 'double' to 'int', possible loss of data
C:\Users\Boss\OneDrive\New folder\Game\GamecuaDuy\Game\Game.cpp(1385,70): warning C4244: 'argument': conversion from 'double' to 'int', possible loss of data
C:\Users\Boss\OneDrive\New folder\Game\GamecuaDuy\Game\Game.cpp(1401,80): warning C4244: 'argument': conversion from 'double' to 'int', possible loss of data
C:\Users\Boss\OneDrive\New folder\Game\GamecuaDuy\Game\Game.cpp(1401,67): warning C4244: 'argument': conversion from 'double' to 'int', possible loss of data
C:\Users\Boss\OneDrive\New folder\Game\GamecuaDuy\Game\Game.cpp(1405,77): warning C4244: 'argument': conversion from 'double' to 'int', possible loss of data
C:\Users\Boss\OneDrive\New folder\Game\GamecuaDuy\Game\Game.cpp(1405,67): warning C4244: 'argument': conversion from 'double' to 'int', possible loss of data
C:\Users\Boss\OneDrive\New folder\Game\GamecuaDuy\Game\Game.cpp(1407,80): warning C4244: 'argument': conversion from 'double' to 'int', possible loss of data
C:\Users\Boss\OneDrive\New folder\Game\GamecuaDuy\Game\Game.cpp(1407,70): warning C4244: 'argument': conversion from 'double' to 'int', possible loss of data
C:\Users\Boss\OneDrive\New folder\Game\GamecuaDuy\Game\Game.cpp(1419,80): warning C4244: 'argument': conversion from 'double' to 'int', possible loss of data
C:\Users\Boss\OneDrive\New folder\Game\GamecuaDuy\Game\Game.cpp(1419,67): warning C4244: 'argument': conversion from 'double' to 'int', possible loss of data
C:\Users\Boss\OneDrive\New folder\Game\GamecuaDuy\Game\Game.cpp(1423,77): warning C4244: 'argument': conversion from 'double' to 'int', possible loss of data
C:\Users\Boss\OneDrive\New folder\Game\GamecuaDuy\Game\Game.cpp(1423,67): warning C4244: 'argument': conversion from 'double' to 'int', possible loss of data
C:\Users\Boss\OneDrive\New folder\Game\GamecuaDuy\Game\Game.cpp(1425,80): warning C4244: 'argument': conversion from 'double' to 'int', possible loss of data
C:\Users\Boss\OneDrive\New folder\Game\GamecuaDuy\Game\Game.cpp(1425,70): warning C4244: 'argument': conversion from 'double' to 'int', possible loss of data
C:\Users\Boss\OneDrive\New folder\Game\GamecuaDuy\Game\Game.cpp(1440,80): warning C4244: 'argument': conversion from 'double' to 'int', possible loss of data
C:\Users\Boss\OneDrive\New folder\Game\GamecuaDuy\Game\Game.cpp(1440,67): warning C4244: 'argument': conversion from 'double' to 'int', possible loss of data
C:\Users\Boss\OneDrive\New folder\Game\GamecuaDuy\Game\Game.cpp(1444,77): warning C4244: 'argument': conversion from 'double' to 'int', possible loss of data
C:\Users\Boss\OneDrive\New folder\Game\GamecuaDuy\Game\Game.cpp(1444,67): warning C4244: 'argument': conversion from 'double' to 'int', possible loss of data
C:\Users\Boss\OneDrive\New folder\Game\GamecuaDuy\Game\Game.cpp(1446,80): warning C4244: 'argument': conversion from 'double' to 'int', possible loss of data
C:\Users\Boss\OneDrive\New folder\Game\GamecuaDuy\Game\Game.cpp(1446,70): warning C4244: 'argument': conversion from 'double' to 'int', possible loss of data
C:\Users\Boss\OneDrive\New folder\Game\GamecuaDuy\Game\Game.cpp(1458,80): warning C4244: 'argument': conversion from 'double' to 'int', possible loss of data
C:\Users\Boss\OneDrive\New folder\Game\GamecuaDuy\Game\Game.cpp(1458,67): warning C4244: 'argument': conversion from 'double' to 'int', possible loss of data
C:\Users\Boss\OneDrive\New folder\Game\GamecuaDuy\Game\Game.cpp(1462,77): warning C4244: 'argument': conversion from 'double' to 'int', possible loss of data
C:\Users\Boss\OneDrive\New folder\Game\GamecuaDuy\Game\Game.cpp(1462,67): warning C4244: 'argument': conversion from 'double' to 'int', possible loss of data
C:\Users\Boss\OneDrive\New folder\Game\GamecuaDuy\Game\Game.cpp(1464,80): warning C4244: 'argument': conversion from 'double' to 'int', possible loss of data
C:\Users\Boss\OneDrive\New folder\Game\GamecuaDuy\Game\Game.cpp(1464,70): warning C4244: 'argument': conversion from 'double' to 'int', possible loss of data
C:\Users\Boss\OneDrive\New folder\Game\GamecuaDuy\Game\Game.cpp(1470,66): warning C4244: 'argument': conversion from 'double' to 'int', possible loss of data
C:\Users\Boss\OneDrive\New folder\Game\GamecuaDuy\Game\Game.cpp(1470,56): warning C4244: 'argument': conversion from 'double' to 'int', possible loss of data
C:\Users\Boss\OneDrive\New folder\Game\GamecuaDuy\Game\Game.cpp(1474,66): warning C4244: 'argument': conversion from 'double' to 'int', possible loss of data
C:\Users\Boss\OneDrive\New folder\Game\GamecuaDuy\Game\Game.cpp(1474,56): warning C4244: 'argument': conversion from 'double' to 'int', possible loss of data
C:\Users\Boss\OneDrive\New folder\Game\GamecuaDuy\Game\Game.cpp(1539,84): warning C4244: 'argument': conversion from 'double' to 'int', possible loss of data
C:\Users\Boss\OneDrive\New folder\Game\GamecuaDuy\Game\Game.cpp(1539,71): warning C4244: 'argument': conversion from 'double' to 'int', possible loss of data
C:\Users\Boss\OneDrive\New folder\Game\GamecuaDuy\Game\Game.cpp(1543,81): warning C4244: 'argument': conversion from 'double' to 'int', possible loss of data
C:\Users\Boss\OneDrive\New folder\Game\GamecuaDuy\Game\Game.cpp(1543,71): warning C4244: 'argument': conversion from 'double' to 'int', possible loss of data
C:\Users\Boss\OneDrive\New folder\Game\GamecuaDuy\Game\Game.cpp(1545,84): warning C4244: 'argument': conversion from 'double' to 'int', possible loss of data
C:\Users\Boss\OneDrive\New folder\Game\GamecuaDuy\Game\Game.cpp(1545,74): warning C4244: 'argument': conversion from 'double' to 'int', possible loss of data
C:\Users\Boss\OneDrive\New folder\Game\GamecuaDuy\Game\Game.cpp(1558,84): warning C4244: 'argument': conversion from 'double' to 'int', possible loss of data
C:\Users\Boss\OneDrive\New folder\Game\GamecuaDuy\Game\Game.cpp(1558,71): warning C4244: 'argument': conversion from 'double' to 'int', possible loss of data
C:\Users\Boss\OneDrive\New folder\Game\GamecuaDuy\Game\Game.cpp(1562,81): warning C4244: 'argument': conversion from 'double' to 'int', possible loss of data
C:\Users\Boss\OneDrive\New folder\Game\GamecuaDuy\Game\Game.cpp(1562,71): warning C4244: 'argument': conversion from 'double' to 'int', possible loss of data
C:\Users\Boss\OneDrive\New folder\Game\GamecuaDuy\Game\Game.cpp(1564,84): warning C4244: 'argument': conversion from 'double' to 'int', possible loss of data
C:\Users\Boss\OneDrive\New folder\Game\GamecuaDuy\Game\Game.cpp(1564,74): warning C4244: 'argument': conversion from 'double' to 'int', possible loss of data
C:\Users\Boss\OneDrive\New folder\Game\GamecuaDuy\Game\Game.cpp(1580,84): warning C4244: 'argument': conversion from 'double' to 'int', possible loss of data
C:\Users\Boss\OneDrive\New folder\Game\GamecuaDuy\Game\Game.cpp(1580,71): warning C4244: 'argument': conversion from 'double' to 'int', possible loss of data
C:\Users\Boss\OneDrive\New folder\Game\GamecuaDuy\Game\Game.cpp(1584,81): warning C4244: 'argument': conversion from 'double' to 'int', possible loss of data
C:\Users\Boss\OneDrive\New folder\Game\GamecuaDuy\Game\Game.cpp(1584,71): warning C4244: 'argument': conversion from 'double' to 'int', possible loss of data
C:\Users\Boss\OneDrive\New folder\Game\GamecuaDuy\Game\Game.cpp(1586,84): warning C4244: 'argument': conversion from 'double' to 'int', possible loss of data
C:\Users\Boss\OneDrive\New folder\Game\GamecuaDuy\Game\Game.cpp(1586,74): warning C4244: 'argument': conversion from 'double' to 'int', possible loss of data
C:\Users\Boss\OneDrive\New folder\Game\GamecuaDuy\Game\Game.cpp(1598,84): warning C4244: 'argument': conversion from 'double' to 'int', possible loss of data
C:\Users\Boss\OneDrive\New folder\Game\GamecuaDuy\Game\Game.cpp(1598,71): warning C4244: 'argument': conversion from 'double' to 'int', possible loss of data
C:\Users\Boss\OneDrive\New folder\Game\GamecuaDuy\Game\Game.cpp(1602,81): warning C4244: 'argument': conversion from 'double' to 'int', possible loss of data
C:\Users\Boss\OneDrive\New folder\Game\GamecuaDuy\Game\Game.cpp(1602,71): warning C4244: 'argument': conversion from 'double' to 'int', possible loss of data
C:\Users\Boss\OneDrive\New folder\Game\GamecuaDuy\Game\Game.cpp(1604,84): warning C4244: 'argument': conversion from 'double' to 'int', possible loss of data
C:\Users\Boss\OneDrive\New folder\Game\GamecuaDuy\Game\Game.cpp(1604,74): warning C4244: 'argument': conversion from 'double' to 'int', possible loss of data
C:\Users\Boss\OneDrive\New folder\Game\GamecuaDuy\Game\Game.cpp(1619,84): warning C4244: 'argument': conversion from 'double' to 'int', possible loss of data
C:\Users\Boss\OneDrive\New folder\Game\GamecuaDuy\Game\Game.cpp(1619,71): warning C4244: 'argument': conversion from 'double' to 'int', possible loss of data
C:\Users\Boss\OneDrive\New folder\Game\GamecuaDuy\Game\Game.cpp(1623,81): warning C4244: 'argument': conversion from 'double' to 'int', possible loss of data
C:\Users\Boss\OneDrive\New folder\Game\GamecuaDuy\Game\Game.cpp(1623,71): warning C4244: 'argument': conversion from 'double' to 'int', possible loss of data
C:\Users\Boss\OneDrive\New folder\Game\GamecuaDuy\Game\Game.cpp(1625,84): warning C4244: 'argument': conversion from 'double' to 'int', possible loss of data
C:\Users\Boss\OneDrive\New folder\Game\GamecuaDuy\Game\Game.cpp(1625,74): warning C4244: 'argument': conversion from 'double' to 'int', possible loss of data
C:\Users\Boss\OneDrive\New folder\Game\GamecuaDuy\Game\Game.cpp(1637,84): warning C4244: 'argument': conversion from 'double' to 'int', possible loss of data
C:\Users\Boss\OneDrive\New folder\Game\GamecuaDuy\Game\Game.cpp(1637,71): warning C4244: 'argument': conversion from 'double' to 'int', possible loss of data
C:\Users\Boss\OneDrive\New folder\Game\GamecuaDuy\Game\Game.cpp(1641,81): warning C4244: 'argument': conversion from 'double' to 'int', possible loss of data
C:\Users\Boss\OneDrive\New folder\Game\GamecuaDuy\Game\Game.cpp(1641,71): warning C4244: 'argument': conversion from 'double' to 'int', possible loss of data
C:\Users\Boss\OneDrive\New folder\Game\GamecuaDuy\Game\Game.cpp(1643,84): warning C4244: 'argument': conversion from 'double' to 'int', possible loss of data
C:\Users\Boss\OneDrive\New folder\Game\GamecuaDuy\Game\Game.cpp(1643,74): warning C4244: 'argument': conversion from 'double' to 'int', possible loss of data
C:\Users\Boss\OneDrive\New folder\Game\GamecuaDuy\Game\Game.cpp(1649,70): warning C4244: 'argument': conversion from 'double' to 'int', possible loss of data
C:\Users\Boss\OneDrive\New folder\Game\GamecuaDuy\Game\Game.cpp(1649,60): warning C4244: 'argument': conversion from 'double' to 'int', possible loss of data
C:\Users\Boss\OneDrive\New folder\Game\GamecuaDuy\Game\Game.cpp(1653,70): warning C4244: 'argument': conversion from 'double' to 'int', possible loss of data
C:\Users\Boss\OneDrive\New folder\Game\GamecuaDuy\Game\Game.cpp(1653,60): warning C4244: 'argument': conversion from 'double' to 'int', possible loss of data
C:\Users\Boss\OneDrive\New folder\Game\GamecuaDuy\Game\Game.cpp(1706,55): warning C4244: 'argument': conversion from 'double' to 'int', possible loss of data
C:\Users\Boss\OneDrive\New folder\Game\GamecuaDuy\Game\Game.cpp(1706,48): warning C4244: 'argument': conversion from 'double' to 'int', possible loss of data
C:\Users\Boss\OneDrive\New folder\Game\GamecuaDuy\Game\Game.cpp(1715,76): warning C4244: 'argument': conversion from 'double' to 'int', possible loss of data
C:\Users\Boss\OneDrive\New folder\Game\GamecuaDuy\Game\Game.cpp(1715,63): warning C4244: 'argument': conversion from 'double' to 'int', possible loss of data
C:\Users\Boss\OneDrive\New folder\Game\GamecuaDuy\Game\Game.cpp(1717,76): warning C4244: 'argument': conversion from 'double' to 'int', possible loss of data
C:\Users\Boss\OneDrive\New folder\Game\GamecuaDuy\Game\Game.cpp(1717,66): warning C4244: 'argument': conversion from 'double' to 'int', possible loss of data
C:\Users\Boss\OneDrive\New folder\Game\GamecuaDuy\Game\Game.cpp(1726,76): warning C4244: 'argument': conversion from 'double' to 'int', possible loss of data
C:\Users\Boss\OneDrive\New folder\Game\GamecuaDuy\Game\Game.cpp(1726,63): warning C4244: 'argument': conversion from 'double' to 'int', possible loss of data
C:\Users\Boss\OneDrive\New folder\Game\GamecuaDuy\Game\Game.cpp(1728,76): warning C4244: 'argument': conversion from 'double' to 'int', possible loss of data
C:\Users\Boss\OneDrive\New folder\Game\GamecuaDuy\Game\Game.cpp(1728,66): warning C4244: 'argument': conversion from 'double' to 'int', possible loss of data
C:\Users\Boss\OneDrive\New folder\Game\GamecuaDuy\Game\Game.cpp(1740,76): warning C4244: 'argument': conversion from 'double' to 'int', possible loss of data
C:\Users\Boss\OneDrive\New folder\Game\GamecuaDuy\Game\Game.cpp(1740,63): warning C4244: 'argument': conversion from 'double' to 'int', possible loss of data
C:\Users\Boss\OneDrive\New folder\Game\GamecuaDuy\Game\Game.cpp(1742,76): warning C4244: 'argument': conversion from 'double' to 'int', possible loss of data
C:\Users\Boss\OneDrive\New folder\Game\GamecuaDuy\Game\Game.cpp(1742,66): warning C4244: 'argument': conversion from 'double' to 'int', possible loss of data
C:\Users\Boss\OneDrive\New folder\Game\GamecuaDuy\Game\Game.cpp(1751,76): warning C4244: 'argument': conversion from 'double' to 'int', possible loss of data
C:\Users\Boss\OneDrive\New folder\Game\GamecuaDuy\Game\Game.cpp(1751,63): warning C4244: 'argument': conversion from 'double' to 'int', possible loss of data
C:\Users\Boss\OneDrive\New folder\Game\GamecuaDuy\Game\Game.cpp(1753,76): warning C4244: 'argument': conversion from 'double' to 'int', possible loss of data
C:\Users\Boss\OneDrive\New folder\Game\GamecuaDuy\Game\Game.cpp(1753,66): warning C4244: 'argument': conversion from 'double' to 'int', possible loss of data
C:\Users\Boss\OneDrive\New folder\Game\GamecuaDuy\Game\Game.cpp(1765,76): warning C4244: 'argument': conversion from 'double' to 'int', possible loss of data
C:\Users\Boss\OneDrive\New folder\Game\GamecuaDuy\Game\Game.cpp(1765,63): warning C4244: 'argument': conversion from 'double' to 'int', possible loss of data
C:\Users\Boss\OneDrive\New folder\Game\GamecuaDuy\Game\Game.cpp(1767,76): warning C4244: 'argument': conversion from 'double' to 'int', possible loss of data
C:\Users\Boss\OneDrive\New folder\Game\GamecuaDuy\Game\Game.cpp(1767,66): warning C4244: 'argument': conversion from 'double' to 'int', possible loss of data
C:\Users\Boss\OneDrive\New folder\Game\GamecuaDuy\Game\Game.cpp(1776,76): warning C4244: 'argument': conversion from 'double' to 'int', possible loss of data
C:\Users\Boss\OneDrive\New folder\Game\GamecuaDuy\Game\Game.cpp(1776,63): warning C4244: 'argument': conversion from 'double' to 'int', possible loss of data
C:\Users\Boss\OneDrive\New folder\Game\GamecuaDuy\Game\Game.cpp(1778,76): warning C4244: 'argument': conversion from 'double' to 'int', possible loss of data
C:\Users\Boss\OneDrive\New folder\Game\GamecuaDuy\Game\Game.cpp(1778,66): warning C4244: 'argument': conversion from 'double' to 'int', possible loss of data
C:\Users\Boss\OneDrive\New folder\Game\GamecuaDuy\Game\Game.cpp(1838,55): warning C4244: 'argument': conversion from 'double' to 'int', possible loss of data
C:\Users\Boss\OneDrive\New folder\Game\GamecuaDuy\Game\Game.cpp(1838,48): warning C4244: 'argument': conversion from 'double' to 'int', possible loss of data
C:\Users\Boss\OneDrive\New folder\Game\GamecuaDuy\Game\Game.cpp(1847,76): warning C4244: 'argument': conversion from 'double' to 'int', possible loss of data
C:\Users\Boss\OneDrive\New folder\Game\GamecuaDuy\Game\Game.cpp(1847,63): warning C4244: 'argument': conversion from 'double' to 'int', possible loss of data
C:\Users\Boss\OneDrive\New folder\Game\GamecuaDuy\Game\Game.cpp(1849,76): warning C4244: 'argument': conversion from 'double' to 'int', possible loss of data
C:\Users\Boss\OneDrive\New folder\Game\GamecuaDuy\Game\Game.cpp(1849,66): warning C4244: 'argument': conversion from 'double' to 'int', possible loss of data
C:\Users\Boss\OneDrive\New folder\Game\GamecuaDuy\Game\Game.cpp(1858,76): warning C4244: 'argument': conversion from 'double' to 'int', possible loss of data
C:\Users\Boss\OneDrive\New folder\Game\GamecuaDuy\Game\Game.cpp(1858,63): warning C4244: 'argument': conversion from 'double' to 'int', possible loss of data
C:\Users\Boss\OneDrive\New folder\Game\GamecuaDuy\Game\Game.cpp(1860,76): warning C4244: 'argument': conversion from 'double' to 'int', possible loss of data
C:\Users\Boss\OneDrive\New folder\Game\GamecuaDuy\Game\Game.cpp(1860,66): warning C4244: 'argument': conversion from 'double' to 'int', possible loss of data
C:\Users\Boss\OneDrive\New folder\Game\GamecuaDuy\Game\Game.cpp(1872,76): warning C4244: 'argument': conversion from 'double' to 'int', possible loss of data
C:\Users\Boss\OneDrive\New folder\Game\GamecuaDuy\Game\Game.cpp(1872,63): warning C4244: 'argument': conversion from 'double' to 'int', possible loss of data
C:\Users\Boss\OneDrive\New folder\Game\GamecuaDuy\Game\Game.cpp(1874,76): warning C4244: 'argument': conversion from 'double' to 'int', possible loss of data
C:\Users\Boss\OneDrive\New folder\Game\GamecuaDuy\Game\Game.cpp(1874,66): warning C4244: 'argument': conversion from 'double' to 'int', possible loss of data
C:\Users\Boss\OneDrive\New folder\Game\GamecuaDuy\Game\Game.cpp(1883,76): warning C4244: 'argument': conversion from 'double' to 'int', possible loss of data
C:\Users\Boss\OneDrive\New folder\Game\GamecuaDuy\Game\Game.cpp(1883,63): warning C4244: 'argument': conversion from 'double' to 'int', possible loss of data
C:\Users\Boss\OneDrive\New folder\Game\GamecuaDuy\Game\Game.cpp(1885,76): warning C4244: 'argument': conversion from 'double' to 'int', possible loss of data
C:\Users\Boss\OneDrive\New folder\Game\GamecuaDuy\Game\Game.cpp(1885,66): warning C4244: 'argument': conversion from 'double' to 'int', possible loss of data
C:\Users\Boss\OneDrive\New folder\Game\GamecuaDuy\Game\Game.cpp(1897,76): warning C4244: 'argument': conversion from 'double' to 'int', possible loss of data
C:\Users\Boss\OneDrive\New folder\Game\GamecuaDuy\Game\Game.cpp(1897,63): warning C4244: 'argument': conversion from 'double' to 'int', possible loss of data
C:\Users\Boss\OneDrive\New folder\Game\GamecuaDuy\Game\Game.cpp(1899,76): warning C4244: 'argument': conversion from 'double' to 'int', possible loss of data
C:\Users\Boss\OneDrive\New folder\Game\GamecuaDuy\Game\Game.cpp(1899,66): warning C4244: 'argument': conversion from 'double' to 'int', possible loss of data
C:\Users\Boss\OneDrive\New folder\Game\GamecuaDuy\Game\Game.cpp(1908,76): warning C4244: 'argument': conversion from 'double' to 'int', possible loss of data
C:\Users\Boss\OneDrive\New folder\Game\GamecuaDuy\Game\Game.cpp(1908,63): warning C4244: 'argument': conversion from 'double' to 'int', possible loss of data
C:\Users\Boss\OneDrive\New folder\Game\GamecuaDuy\Game\Game.cpp(1910,76): warning C4244: 'argument': conversion from 'double' to 'int', possible loss of data
C:\Users\Boss\OneDrive\New folder\Game\GamecuaDuy\Game\Game.cpp(1910,66): warning C4244: 'argument': conversion from 'double' to 'int', possible loss of data
C:\Users\Boss\OneDrive\New folder\Game\GamecuaDuy\Game\Game.cpp(1976,55): warning C4244: 'argument': conversion from 'double' to 'int', possible loss of data
C:\Users\Boss\OneDrive\New folder\Game\GamecuaDuy\Game\Game.cpp(1976,48): warning C4244: 'argument': conversion from 'double' to 'int', possible loss of data
C:\Users\Boss\OneDrive\New folder\Game\GamecuaDuy\Game\Game.cpp(1985,76): warning C4244: 'argument': conversion from 'double' to 'int', possible loss of data
C:\Users\Boss\OneDrive\New folder\Game\GamecuaDuy\Game\Game.cpp(1985,63): warning C4244: 'argument': conversion from 'double' to 'int', possible loss of data
C:\Users\Boss\OneDrive\New folder\Game\GamecuaDuy\Game\Game.cpp(1987,76): warning C4244: 'argument': conversion from 'double' to 'int', possible loss of data
C:\Users\Boss\OneDrive\New folder\Game\GamecuaDuy\Game\Game.cpp(1987,66): warning C4244: 'argument': conversion from 'double' to 'int', possible loss of data
C:\Users\Boss\OneDrive\New folder\Game\GamecuaDuy\Game\Game.cpp(1996,76): warning C4244: 'argument': conversion from 'double' to 'int', possible loss of data
C:\Users\Boss\OneDrive\New folder\Game\GamecuaDuy\Game\Game.cpp(1996,63): warning C4244: 'argument': conversion from 'double' to 'int', possible loss of data
C:\Users\Boss\OneDrive\New folder\Game\GamecuaDuy\Game\Game.cpp(1998,76): warning C4244: 'argument': conversion from 'double' to 'int', possible loss of data
C:\Users\Boss\OneDrive\New folder\Game\GamecuaDuy\Game\Game.cpp(1998,66): warning C4244: 'argument': conversion from 'double' to 'int', possible loss of data
C:\Users\Boss\OneDrive\New folder\Game\GamecuaDuy\Game\Game.cpp(2010,76): warning C4244: 'argument': conversion from 'double' to 'int', possible loss of data
C:\Users\Boss\OneDrive\New folder\Game\GamecuaDuy\Game\Game.cpp(2010,63): warning C4244: 'argument': conversion from 'double' to 'int', possible loss of data
C:\Users\Boss\OneDrive\New folder\Game\GamecuaDuy\Game\Game.cpp(2012,76): warning C4244: 'argument': conversion from 'double' to 'int', possible loss of data
C:\Users\Boss\OneDrive\New folder\Game\GamecuaDuy\Game\Game.cpp(2012,66): warning C4244: 'argument': conversion from 'double' to 'int', possible loss of data
C:\Users\Boss\OneDrive\New folder\Game\GamecuaDuy\Game\Game.cpp(2021,76): warning C4244: 'argument': conversion from 'double' to 'int', possible loss of data
C:\Users\Boss\OneDrive\New folder\Game\GamecuaDuy\Game\Game.cpp(2021,63): warning C4244: 'argument': conversion from 'double' to 'int', possible loss of data
C:\Users\Boss\OneDrive\New folder\Game\GamecuaDuy\Game\Game.cpp(2023,76): warning C4244: 'argument': conversion from 'double' to 'int', possible loss of data
C:\Users\Boss\OneDrive\New folder\Game\GamecuaDuy\Game\Game.cpp(2023,66): warning C4244: 'argument': conversion from 'double' to 'int', possible loss of data
C:\Users\Boss\OneDrive\New folder\Game\GamecuaDuy\Game\Game.cpp(2035,76): warning C4244: 'argument': conversion from 'double' to 'int', possible loss of data
C:\Users\Boss\OneDrive\New folder\Game\GamecuaDuy\Game\Game.cpp(2035,63): warning C4244: 'argument': conversion from 'double' to 'int', possible loss of data
C:\Users\Boss\OneDrive\New folder\Game\GamecuaDuy\Game\Game.cpp(2037,76): warning C4244: 'argument': conversion from 'double' to 'int', possible loss of data
C:\Users\Boss\OneDrive\New folder\Game\GamecuaDuy\Game\Game.cpp(2037,66): warning C4244: 'argument': conversion from 'double' to 'int', possible loss of data
C:\Users\Boss\OneDrive\New folder\Game\GamecuaDuy\Game\Game.cpp(2046,76): warning C4244: 'argument': conversion from 'double' to 'int', possible loss of data
C:\Users\Boss\OneDrive\New folder\Game\GamecuaDuy\Game\Game.cpp(2046,63): warning C4244: 'argument': conversion from 'double' to 'int', possible loss of data
C:\Users\Boss\OneDrive\New folder\Game\GamecuaDuy\Game\Game.cpp(2048,76): warning C4244: 'argument': conversion from 'double' to 'int', possible loss of data
C:\Users\Boss\OneDrive\New folder\Game\GamecuaDuy\Game\Game.cpp(2048,66): warning C4244: 'argument': conversion from 'double' to 'int', possible loss of data
C:\Users\Boss\OneDrive\New folder\Game\GamecuaDuy\Game\Game.cpp(2112,55): warning C4244: 'argument': conversion from 'double' to 'int', possible loss of data
C:\Users\Boss\OneDrive\New folder\Game\GamecuaDuy\Game\Game.cpp(2112,48): warning C4244: 'argument': conversion from 'double' to 'int', possible loss of data
C:\Users\Boss\OneDrive\New folder\Game\GamecuaDuy\Game\Game.cpp(2121,76): warning C4244: 'argument': conversion from 'double' to 'int', possible loss of data
C:\Users\Boss\OneDrive\New folder\Game\GamecuaDuy\Game\Game.cpp(2121,63): warning C4244: 'argument': conversion from 'double' to 'int', possible loss of data
C:\Users\Boss\OneDrive\New folder\Game\GamecuaDuy\Game\Game.cpp(2123,76): warning C4244: 'argument': conversion from 'double' to 'int', possible loss of data
C:\Users\Boss\OneDrive\New folder\Game\GamecuaDuy\Game\Game.cpp(2123,66): warning C4244: 'argument': conversion from 'double' to 'int', possible loss of data
C:\Users\Boss\OneDrive\New folder\Game\GamecuaDuy\Game\Game.cpp(2132,76): warning C4244: 'argument': conversion from 'double' to 'int', possible loss of data
C:\Users\Boss\OneDrive\New folder\Game\GamecuaDuy\Game\Game.cpp(2132,63): warning C4244: 'argument': conversion from 'double' to 'int', possible loss of data
C:\Users\Boss\OneDrive\New folder\Game\GamecuaDuy\Game\Game.cpp(2134,76): warning C4244: 'argument': conversion from 'double' to 'int', possible loss of data
C:\Users\Boss\OneDrive\New folder\Game\GamecuaDuy\Game\Game.cpp(2134,66): warning C4244: 'argument': conversion from 'double' to 'int', possible loss of data
C:\Users\Boss\OneDrive\New folder\Game\GamecuaDuy\Game\Game.cpp(2146,76): warning C4244: 'argument': conversion from 'double' to 'int', possible loss of data
C:\Users\Boss\OneDrive\New folder\Game\GamecuaDuy\Game\Game.cpp(2146,63): warning C4244: 'argument': conversion from 'double' to 'int', possible loss of data
C:\Users\Boss\OneDrive\New folder\Game\GamecuaDuy\Game\Game.cpp(2148,76): warning C4244: 'argument': conversion from 'double' to 'int', possible loss of data
C:\Users\Boss\OneDrive\New folder\Game\GamecuaDuy\Game\Game.cpp(2148,66): warning C4244: 'argument': conversion from 'double' to 'int', possible loss of data
C:\Users\Boss\OneDrive\New folder\Game\GamecuaDuy\Game\Game.cpp(2157,76): warning C4244: 'argument': conversion from 'double' to 'int', possible loss of data
C:\Users\Boss\OneDrive\New folder\Game\GamecuaDuy\Game\Game.cpp(2157,63): warning C4244: 'argument': conversion from 'double' to 'int', possible loss of data
C:\Users\Boss\OneDrive\New folder\Game\GamecuaDuy\Game\Game.cpp(2159,76): warning C4244: 'argument': conversion from 'double' to 'int', possible loss of data
C:\Users\Boss\OneDrive\New folder\Game\GamecuaDuy\Game\Game.cpp(2159,66): warning C4244: 'argument': conversion from 'double' to 'int', possible loss of data
C:\Users\Boss\OneDrive\New folder\Game\GamecuaDuy\Game\Game.cpp(2171,76): warning C4244: 'argument': conversion from 'double' to 'int', possible loss of data
C:\Users\Boss\OneDrive\New folder\Game\GamecuaDuy\Game\Game.cpp(2171,63): warning C4244: 'argument': conversion from 'double' to 'int', possible loss of data
C:\Users\Boss\OneDrive\New folder\Game\GamecuaDuy\Game\Game.cpp(2173,76): warning C4244: 'argument': conversion from 'double' to 'int', possible loss of data
C:\Users\Boss\OneDrive\New folder\Game\GamecuaDuy\Game\Game.cpp(2173,66): warning C4244: 'argument': conversion from 'double' to 'int', possible loss of data
C:\Users\Boss\OneDrive\New folder\Game\GamecuaDuy\Game\Game.cpp(2182,76): warning C4244: 'argument': conversion from 'double' to 'int', possible loss of data
C:\Users\Boss\OneDrive\New folder\Game\GamecuaDuy\Game\Game.cpp(2182,63): warning C4244: 'argument': conversion from 'double' to 'int', possible loss of data
C:\Users\Boss\OneDrive\New folder\Game\GamecuaDuy\Game\Game.cpp(2184,76): warning C4244: 'argument': conversion from 'double' to 'int', possible loss of data
C:\Users\Boss\OneDrive\New folder\Game\GamecuaDuy\Game\Game.cpp(2184,66): warning C4244: 'argument': conversion from 'double' to 'int', possible loss of data
C:\Users\Boss\OneDrive\New folder\Game\GamecuaDuy\Game\Game.cpp(2263,55): warning C4244: 'argument': conversion from 'double' to 'int', possible loss of data
C:\Users\Boss\OneDrive\New folder\Game\GamecuaDuy\Game\Game.cpp(2263,48): warning C4244: 'argument': conversion from 'double' to 'int', possible loss of data
C:\Users\Boss\OneDrive\New folder\Game\GamecuaDuy\Game\Game.cpp(2270,55): warning C4244: 'argument': conversion from 'double' to 'int', possible loss of data
C:\Users\Boss\OneDrive\New folder\Game\GamecuaDuy\Game\Game.cpp(2270,48): warning C4244: 'argument': conversion from 'double' to 'int', possible loss of data
C:\Users\Boss\OneDrive\New folder\Game\GamecuaDuy\Game\Game.cpp(2274,55): warning C4244: 'argument': conversion from 'double' to 'int', possible loss of data
C:\Users\Boss\OneDrive\New folder\Game\GamecuaDuy\Game\Game.cpp(2274,48): warning C4244: 'argument': conversion from 'double' to 'int', possible loss of data
C:\Users\Boss\OneDrive\New folder\Game\GamecuaDuy\Game\Game.cpp(2280,55): warning C4244: 'argument': conversion from 'double' to 'int', possible loss of data
C:\Users\Boss\OneDrive\New folder\Game\GamecuaDuy\Game\Game.cpp(2280,48): warning C4244: 'argument': conversion from 'double' to 'int', possible loss of data
C:\Users\Boss\OneDrive\New folder\Game\GamecuaDuy\Game\Game.cpp(2288,65): warning C4244: 'argument': conversion from 'double' to 'int', possible loss of data
C:\Users\Boss\OneDrive\New folder\Game\GamecuaDuy\Game\Game.cpp(2288,55): warning C4244: 'argument': conversion from 'double' to 'int', possible loss of data
C:\Users\Boss\OneDrive\New folder\Game\GamecuaDuy\Game\Game.cpp(2292,65): warning C4244: 'argument': conversion from 'double' to 'int', possible loss of data
C:\Users\Boss\OneDrive\New folder\Game\GamecuaDuy\Game\Game.cpp(2292,55): warning C4244: 'argument': conversion from 'double' to 'int', possible loss of data
C:\Users\Boss\OneDrive\New folder\Game\GamecuaDuy\Game\Game.cpp(2297,61): warning C4244: 'argument': conversion from 'double' to 'int', possible loss of data
C:\Users\Boss\OneDrive\New folder\Game\GamecuaDuy\Game\Game.cpp(2297,51): warning C4244: 'argument': conversion from 'double' to 'int', possible loss of data
C:\Users\Boss\OneDrive\New folder\Game\GamecuaDuy\Game\Game.cpp(2304,65): warning C4244: 'argument': conversion from 'double' to 'int', possible loss of data
C:\Users\Boss\OneDrive\New folder\Game\GamecuaDuy\Game\Game.cpp(2304,55): warning C4244: 'argument': conversion from 'double' to 'int', possible loss of data
C:\Users\Boss\OneDrive\New folder\Game\GamecuaDuy\Game\Game.cpp(2308,65): warning C4244: 'argument': conversion from 'double' to 'int', possible loss of data
C:\Users\Boss\OneDrive\New folder\Game\GamecuaDuy\Game\Game.cpp(2308,55): warning C4244: 'argument': conversion from 'double' to 'int', possible loss of data
C:\Users\Boss\OneDrive\New folder\Game\GamecuaDuy\Game\Game.cpp(2313,61): warning C4244: 'argument': conversion from 'double' to 'int', possible loss of data
C:\Users\Boss\OneDrive\New folder\Game\GamecuaDuy\Game\Game.cpp(2313,51): warning C4244: 'argument': conversion from 'double' to 'int', possible loss of data
C:\Users\Boss\OneDrive\New folder\Game\GamecuaDuy\Game\Game.cpp(2320,65): warning C4244: 'argument': conversion from 'double' to 'int', possible loss of data
C:\Users\Boss\OneDrive\New folder\Game\GamecuaDuy\Game\Game.cpp(2320,55): warning C4244: 'argument': conversion from 'double' to 'int', possible loss of data
C:\Users\Boss\OneDrive\New folder\Game\GamecuaDuy\Game\Game.cpp(2324,65): warning C4244: 'argument': conversion from 'double' to 'int', possible loss of data
C:\Users\Boss\OneDrive\New folder\Game\GamecuaDuy\Game\Game.cpp(2324,55): warning C4244: 'argument': conversion from 'double' to 'int', possible loss of data
C:\Users\Boss\OneDrive\New folder\Game\GamecuaDuy\Game\Game.cpp(2329,61): warning C4244: 'argument': conversion from 'double' to 'int', possible loss of data
C:\Users\Boss\OneDrive\New folder\Game\GamecuaDuy\Game\Game.cpp(2329,51): warning C4244: 'argument': conversion from 'double' to 'int', possible loss of data
C:\Users\Boss\OneDrive\New folder\Game\GamecuaDuy\Game\Game.cpp(2369,47): warning C4244: 'argument': conversion from 'double' to 'int', possible loss of data
C:\Users\Boss\OneDrive\New folder\Game\GamecuaDuy\Game\Game.cpp(2369,40): warning C4244: 'argument': conversion from 'double' to 'int', possible loss of data
C:\Users\Boss\OneDrive\New folder\Game\GamecuaDuy\Game\Game.cpp(2376,47): warning C4244: 'argument': conversion from 'double' to 'int', possible loss of data
C:\Users\Boss\OneDrive\New folder\Game\GamecuaDuy\Game\Game.cpp(2376,40): warning C4244: 'argument': conversion from 'double' to 'int', possible loss of data
C:\Users\Boss\OneDrive\New folder\Game\GamecuaDuy\Game\Game.cpp(2380,47): warning C4244: 'argument': conversion from 'double' to 'int', possible loss of data
C:\Users\Boss\OneDrive\New folder\Game\GamecuaDuy\Game\Game.cpp(2380,40): warning C4244: 'argument': conversion from 'double' to 'int', possible loss of data
C:\Users\Boss\OneDrive\New folder\Game\GamecuaDuy\Game\Game.cpp(2386,47): warning C4244: 'argument': conversion from 'double' to 'int', possible loss of data
C:\Users\Boss\OneDrive\New folder\Game\GamecuaDuy\Game\Game.cpp(2386,40): warning C4244: 'argument': conversion from 'double' to 'int', possible loss of data
C:\Users\Boss\OneDrive\New folder\Game\GamecuaDuy\Game\Game.cpp(2394,57): warning C4244: 'argument': conversion from 'double' to 'int', possible loss of data
C:\Users\Boss\OneDrive\New folder\Game\GamecuaDuy\Game\Game.cpp(2394,47): warning C4244: 'argument': conversion from 'double' to 'int', possible loss of data
C:\Users\Boss\OneDrive\New folder\Game\GamecuaDuy\Game\Game.cpp(2398,57): warning C4244: 'argument': conversion from 'double' to 'int', possible loss of data
C:\Users\Boss\OneDrive\New folder\Game\GamecuaDuy\Game\Game.cpp(2398,47): warning C4244: 'argument': conversion from 'double' to 'int', possible loss of data
C:\Users\Boss\OneDrive\New folder\Game\GamecuaDuy\Game\Game.cpp(2405,57): warning C4244: 'argument': conversion from 'double' to 'int', possible loss of data
C:\Users\Boss\OneDrive\New folder\Game\GamecuaDuy\Game\Game.cpp(2405,47): warning C4244: 'argument': conversion from 'double' to 'int', possible loss of data
C:\Users\Boss\OneDrive\New folder\Game\GamecuaDuy\Game\Game.cpp(2409,57): warning C4244: 'argument': conversion from 'double' to 'int', possible loss of data
C:\Users\Boss\OneDrive\New folder\Game\GamecuaDuy\Game\Game.cpp(2409,47): warning C4244: 'argument': conversion from 'double' to 'int', possible loss of data
C:\Users\Boss\OneDrive\New folder\Game\GamecuaDuy\Game\Game.cpp(2416,57): warning C4244: 'argument': conversion from 'double' to 'int', possible loss of data
C:\Users\Boss\OneDrive\New folder\Game\GamecuaDuy\Game\Game.cpp(2416,47): warning C4244: 'argument': conversion from 'double' to 'int', possible loss of data
C:\Users\Boss\OneDrive\New folder\Game\GamecuaDuy\Game\Game.cpp(2420,57): warning C4244: 'argument': conversion from 'double' to 'int', possible loss of data
C:\Users\Boss\OneDrive\New folder\Game\GamecuaDuy\Game\Game.cpp(2420,47): warning C4244: 'argument': conversion from 'double' to 'int', possible loss of data
C:\Users\Boss\OneDrive\New folder\Game\GamecuaDuy\Game\Game.cpp(2462,46): warning C4244: 'argument': conversion from 'double' to 'int', possible loss of data
C:\Users\Boss\OneDrive\New folder\Game\GamecuaDuy\Game\Game.cpp(2462,36): warning C4244: 'argument': conversion from 'double' to 'int', possible loss of data
C:\Users\Boss\OneDrive\New folder\Game\GamecuaDuy\Game\Game.cpp(2492,55): warning C4244: 'argument': conversion from 'double' to 'int', possible loss of data
C:\Users\Boss\OneDrive\New folder\Game\GamecuaDuy\Game\Game.cpp(2492,48): warning C4244: 'argument': conversion from 'double' to 'int', possible loss of data
C:\Users\Boss\OneDrive\New folder\Game\GamecuaDuy\Game\Game.cpp(2496,55): warning C4244: 'argument': conversion from 'double' to 'int', possible loss of data
C:\Users\Boss\OneDrive\New folder\Game\GamecuaDuy\Game\Game.cpp(2496,48): warning C4244: 'argument': conversion from 'double' to 'int', possible loss of data
C:\Users\Boss\OneDrive\New folder\Game\GamecuaDuy\Game\Game.cpp(2501,55): warning C4244: 'argument': conversion from 'double' to 'int', possible loss of data
C:\Users\Boss\OneDrive\New folder\Game\GamecuaDuy\Game\Game.cpp(2501,48): warning C4244: 'argument': conversion from 'double' to 'int', possible loss of data
C:\Users\Boss\OneDrive\New folder\Game\GamecuaDuy\Game\Game.cpp(2505,55): warning C4244: 'argument': conversion from 'double' to 'int', possible loss of data
C:\Users\Boss\OneDrive\New folder\Game\GamecuaDuy\Game\Game.cpp(2505,48): warning C4244: 'argument': conversion from 'double' to 'int', possible loss of data
C:\Users\Boss\OneDrive\New folder\Game\GamecuaDuy\Game\Game.cpp(2528,55): warning C4244: 'argument': conversion from 'double' to 'int', possible loss of data
C:\Users\Boss\OneDrive\New folder\Game\GamecuaDuy\Game\Game.cpp(2528,48): warning C4244: 'argument': conversion from 'double' to 'int', possible loss of data
C:\Users\Boss\OneDrive\New folder\Game\GamecuaDuy\Game\Game.cpp(2559,59): warning C4244: 'argument': conversion from 'double' to 'int', possible loss of data
C:\Users\Boss\OneDrive\New folder\Game\GamecuaDuy\Game\Game.cpp(2559,52): warning C4244: 'argument': conversion from 'double' to 'int', possible loss of data
C:\Users\Boss\OneDrive\New folder\Game\GamecuaDuy\Game\Game.cpp(2563,64): warning C4244: 'argument': conversion from 'double' to 'int', possible loss of data
C:\Users\Boss\OneDrive\New folder\Game\GamecuaDuy\Game\Game.cpp(2563,55): warning C4244: 'argument': conversion from 'double' to 'int', possible loss of data
C:\Users\Boss\OneDrive\New folder\Game\GamecuaDuy\Game\Game.cpp(2579,55): warning C4244: 'argument': conversion from 'double' to 'int', possible loss of data
C:\Users\Boss\OneDrive\New folder\Game\GamecuaDuy\Game\Game.cpp(2579,48): warning C4244: 'argument': conversion from 'double' to 'int', possible loss of data
C:\Users\Boss\OneDrive\New folder\Game\GamecuaDuy\Game\Game.cpp(2592,55): warning C4244: 'argument': conversion from 'double' to 'int', possible loss of data
C:\Users\Boss\OneDrive\New folder\Game\GamecuaDuy\Game\Game.cpp(2592,48): warning C4244: 'argument': conversion from 'double' to 'int', possible loss of data
C:\Users\Boss\OneDrive\New folder\Game\GamecuaDuy\Game\Game.cpp(2624,66): warning C4244: 'argument': conversion from 'double' to 'int', possible loss of data
C:\Users\Boss\OneDrive\New folder\Game\GamecuaDuy\Game\Game.cpp(2624,56): warning C4244: 'argument': conversion from 'double' to 'int', possible loss of data
C:\Users\Boss\OneDrive\New folder\Game\GamecuaDuy\Game\Game.cpp(2628,66): warning C4244: 'argument': conversion from 'double' to 'int', possible loss of data
C:\Users\Boss\OneDrive\New folder\Game\GamecuaDuy\Game\Game.cpp(2628,56): warning C4244: 'argument': conversion from 'double' to 'int', possible loss of data
C:\Users\Boss\OneDrive\New folder\Game\GamecuaDuy\Game\Game.cpp(2659,66): warning C4244: 'argument': conversion from 'double' to 'int', possible loss of data
C:\Users\Boss\OneDrive\New folder\Game\GamecuaDuy\Game\Game.cpp(2659,56): warning C4244: 'argument': conversion from 'double' to 'int', possible loss of data
C:\Users\Boss\OneDrive\New folder\Game\GamecuaDuy\Game\Game.cpp(2663,66): warning C4244: 'argument': conversion from 'double' to 'int', possible loss of data
C:\Users\Boss\OneDrive\New folder\Game\GamecuaDuy\Game\Game.cpp(2663,56): warning C4244: 'argument': conversion from 'double' to 'int', possible loss of data
C:\Users\Boss\OneDrive\New folder\Game\GamecuaDuy\Game\Game.cpp(2693,66): warning C4244: 'argument': conversion from 'double' to 'int', possible loss of data
C:\Users\Boss\OneDrive\New folder\Game\GamecuaDuy\Game\Game.cpp(2693,56): warning C4244: 'argument': conversion from 'double' to 'int', possible loss of data
C:\Users\Boss\OneDrive\New folder\Game\GamecuaDuy\Game\Game.cpp(2697,66): warning C4244: 'argument': conversion from 'double' to 'int', possible loss of data
C:\Users\Boss\OneDrive\New folder\Game\GamecuaDuy\Game\Game.cpp(2697,56): warning C4244: 'argument': conversion from 'double' to 'int', possible loss of data
C:\Users\Boss\OneDrive\New folder\Game\GamecuaDuy\Game\Game.cpp(2728,66): warning C4244: 'argument': conversion from 'double' to 'int', possible loss of data
C:\Users\Boss\OneDrive\New folder\Game\GamecuaDuy\Game\Game.cpp(2728,56): warning C4244: 'argument': conversion from 'double' to 'int', possible loss of data
C:\Users\Boss\OneDrive\New folder\Game\GamecuaDuy\Game\Game.cpp(2732,66): warning C4244: 'argument': conversion from 'double' to 'int', possible loss of data
C:\Users\Boss\OneDrive\New folder\Game\GamecuaDuy\Game\Game.cpp(2732,56): warning C4244: 'argument': conversion from 'double' to 'int', possible loss of data
C:\Users\Boss\OneDrive\New folder\Game\GamecuaDuy\Game\Game.cpp(2767,55): warning C4244: 'argument': conversion from 'double' to 'int', possible loss of data
C:\Users\Boss\OneDrive\New folder\Game\GamecuaDuy\Game\Game.cpp(2767,48): warning C4244: 'argument': conversion from 'double' to 'int', possible loss of data
C:\Users\Boss\OneDrive\New folder\Game\GamecuaDuy\Game\Game.cpp(2801,55): warning C4244: 'argument': conversion from 'double' to 'int', possible loss of data
C:\Users\Boss\OneDrive\New folder\Game\GamecuaDuy\Game\Game.cpp(2801,48): warning C4244: 'argument': conversion from 'double' to 'int', possible loss of data
C:\Users\Boss\OneDrive\New folder\Game\GamecuaDuy\Game\Game.cpp(2835,55): warning C4244: 'argument': conversion from 'double' to 'int', possible loss of data
C:\Users\Boss\OneDrive\New folder\Game\GamecuaDuy\Game\Game.cpp(2835,48): warning C4244: 'argument': conversion from 'double' to 'int', possible loss of data
C:\Users\Boss\OneDrive\New folder\Game\GamecuaDuy\Game\Game.cpp(2866,55): warning C4244: 'argument': conversion from 'double' to 'int', possible loss of data
C:\Users\Boss\OneDrive\New folder\Game\GamecuaDuy\Game\Game.cpp(2866,48): warning C4244: 'argument': conversion from 'double' to 'int', possible loss of data
C:\Users\Boss\OneDrive\New folder\Game\GamecuaDuy\Game\Game.cpp(2903,47): warning C4244: 'argument': conversion from 'double' to 'int', possible loss of data
C:\Users\Boss\OneDrive\New folder\Game\GamecuaDuy\Game\Game.cpp(2903,40): warning C4244: 'argument': conversion from 'double' to 'int', possible loss of data
C:\Users\Boss\OneDrive\New folder\Game\GamecuaDuy\Game\Game.cpp(2910,47): warning C4244: 'argument': conversion from 'double' to 'int', possible loss of data
C:\Users\Boss\OneDrive\New folder\Game\GamecuaDuy\Game\Game.cpp(2910,40): warning C4244: 'argument': conversion from 'double' to 'int', possible loss of data
C:\Users\Boss\OneDrive\New folder\Game\GamecuaDuy\Game\Game.cpp(2914,47): warning C4244: 'argument': conversion from 'double' to 'int', possible loss of data
C:\Users\Boss\OneDrive\New folder\Game\GamecuaDuy\Game\Game.cpp(2914,40): warning C4244: 'argument': conversion from 'double' to 'int', possible loss of data
C:\Users\Boss\OneDrive\New folder\Game\GamecuaDuy\Game\Game.cpp(2920,47): warning C4244: 'argument': conversion from 'double' to 'int', possible loss of data
C:\Users\Boss\OneDrive\New folder\Game\GamecuaDuy\Game\Game.cpp(2920,40): warning C4244: 'argument': conversion from 'double' to 'int', possible loss of data
  Game.vcxproj -> C:\Users\Boss\OneDrive\New folder\Game\GamecuaDuy\x64\Debug\Game.exe
